Using pre-set license
Built from '2020.2/release' branch; Version is '2020.2.2f1 (068178b99f32) revision 426360'; Using compiler version '192528614'; Build Type 'Release'
OS: 'Windows 10 Home; OS build 19042.928; Version 2009; 64bit' Language: 'en' Physical Memory: 16310 MB
BatchMode: 1, IsHumanControllingUs: 0, StartBugReporterOnCrash: 0, Is64bit: 1, IsPro: 0

 COMMAND LINE ARGUMENTS:
C:\Program Files\Unity\Hub\Editor\2020.2.2f1\Editor\Unity.exe
-adb2
-batchMode
-noUpm
-name
AssetImportWorker0
-projectPath
C:/Users/ryana/Documents/GitHub/Hexagonal-Strategy-Prototype
-logFile
Logs/AssetImportWorker0.log
-srvPort
60309
Successfully changed project path to: C:/Users/ryana/Documents/GitHub/Hexagonal-Strategy-Prototype
C:/Users/ryana/Documents/GitHub/Hexagonal-Strategy-Prototype
Using Asset Import Pipeline V2.
Refreshing native plugins compatible for Editor in 34.65 ms, found 0 plugins.
Preloading 0 native plugins for Editor in 0.00 ms.
Initialize engine version: 2020.2.2f1 (068178b99f32)
[Subsystems] Discovering subsystems at path C:/Program Files/Unity/Hub/Editor/2020.2.2f1/Editor/Data/Resources/UnitySubsystems
[Subsystems] Discovering subsystems at path C:/Users/ryana/Documents/GitHub/Hexagonal-Strategy-Prototype/Assets
GfxDevice: creating device client; threaded=0
Direct3D:
    Version:  Direct3D 11.0 [level 11.0]
    Renderer: NVIDIA GeForce GTX 860M (ID=0x1392)
    Vendor:   
    VRAM:     4055 MB
    Driver:   27.21.14.6611
Initialize mono
Mono path[0] = 'C:/Program Files/Unity/Hub/Editor/2020.2.2f1/Editor/Data/Managed'
Mono path[1] = 'C:/Program Files/Unity/Hub/Editor/2020.2.2f1/Editor/Data/MonoBleedingEdge/lib/mono/unityjit'
Mono config path = 'C:/Program Files/Unity/Hub/Editor/2020.2.2f1/Editor/Data/MonoBleedingEdge/etc'
Using monoOptions --debugger-agent=transport=dt_socket,embedding=1,server=y,suspend=n,address=127.0.0.1:56660
Begin MonoManager ReloadAssembly
Registering precompiled unity dll's ...
Register platform support module: C:/Program Files/Unity/Hub/Editor/2020.2.2f1/Editor/Data/PlaybackEngines/WindowsStandaloneSupport/UnityEditor.WindowsStandalone.Extensions.dll
Registered in 0.004738 seconds.
Native extension for WindowsStandalone target not found
Refreshing native plugins compatible for Editor in 34.40 ms, found 0 plugins.
Preloading 0 native plugins for Editor in 0.00 ms.
Invoked RoslynAnalysisRunner static constructor.
RoslynAnalysisRunner will not be running.
RoslynAnalysisRunner has terminated.
Mono: successfully reloaded assembly
- Completed reload, in  1.473 seconds
Platform modules already initialized, skipping
Registering precompiled user dll's ...
Registered in 0.002392 seconds.
Begin MonoManager ReloadAssembly
Native extension for WindowsStandalone target not found
Refreshing native plugins compatible for Editor in 0.36 ms, found 0 plugins.
Preloading 0 native plugins for Editor in 0.00 ms.
Invoked RoslynAnalysisRunner static constructor.
RoslynAnalysisRunner will not be running.
RoslynAnalysisRunner has terminated.
Mono: successfully reloaded assembly
- Completed reload, in  1.261 seconds
Platform modules already initialized, skipping
========================================================================
Worker process is ready to serve import requests
Launched and connected shader compiler UnityShaderCompiler.exe after 0.09 seconds
Refreshing native plugins compatible for Editor in 0.34 ms, found 0 plugins.
Preloading 0 native plugins for Editor in 0.00 ms.
Unloading 1457 Unused Serialized files (Serialized files now loaded: 0)
System memory in use before: 71.3 MB.
System memory in use after: 71.3 MB.

Unloading 67 unused Assets to reduce memory usage. Loaded Objects now: 1894.
Total: 4.480200 ms (FindLiveObjects: 0.271400 ms CreateObjectMapping: 0.164800 ms MarkObjects: 3.777700 ms  DeleteObjects: 0.264100 ms)

========================================================================
Received Import Request.
  path: Assets/Scripts/Units
  artifactKey: Guid(4317ee81cc093dd4baaacd415a1b4a36) Importer(815301076,1909f56bfc062723c751e8b465ee728b)
Start importing Assets/Scripts/Units using Guid(4317ee81cc093dd4baaacd415a1b4a36) Importer(815301076,1909f56bfc062723c751e8b465ee728b)  -> (artifact id: 'a1b318a22e9b177c2fc0666f9342e4c5') in 0.009233 seconds
  Import took 0.012513 seconds .

========================================================================
Received Import Request.
  Time since last request: 0.000348 seconds.
  path: Assets/Scripts/Units/LayoutManager.cs
  artifactKey: Guid(b12641dfccbd55a49855749e8dcfc76c) Importer(815301076,1909f56bfc062723c751e8b465ee728b)
Start importing Assets/Scripts/Units/LayoutManager.cs using Guid(b12641dfccbd55a49855749e8dcfc76c) Importer(815301076,1909f56bfc062723c751e8b465ee728b)  -> (artifact id: 'bea7eb9fb775969414c2607b79a6a0a6') in 0.045812 seconds
  Import took 0.048835 seconds .

========================================================================
Received Import Request.
  Time since last request: 0.000231 seconds.
  path: Assets/Scripts/Units/UnitManager.cs
  artifactKey: Guid(1518a5ff227fb9c4898608b27201d70b) Importer(815301076,1909f56bfc062723c751e8b465ee728b)
Start importing Assets/Scripts/Units/UnitManager.cs using Guid(1518a5ff227fb9c4898608b27201d70b) Importer(815301076,1909f56bfc062723c751e8b465ee728b)  -> (artifact id: '63b9ec594b06e539fec2f67c45025c17') in 0.007368 seconds
  Import took 0.010723 seconds .

========================================================================
Received Import Request.
  Time since last request: 914.015526 seconds.
  path: Assets/Scripts/Units/Hex.cs
  artifactKey: Guid(12ad8adae2f15c646b371753aabf4da5) Importer(815301076,1909f56bfc062723c751e8b465ee728b)
Start importing Assets/Scripts/Units/Hex.cs using Guid(12ad8adae2f15c646b371753aabf4da5) Importer(815301076,1909f56bfc062723c751e8b465ee728b)  -> (artifact id: 'f9d83c323e77142757d97c11973dab4a') in 0.007282 seconds
  Import took 0.011135 seconds .

========================================================================
Received Import Request.
  Time since last request: 0.003814 seconds.
  path: Assets/Scripts/Units/Hex.cs
  artifactKey: Guid(12ad8adae2f15c646b371753aabf4da5) Importer(815301076,1909f56bfc062723c751e8b465ee728b)
Start importing Assets/Scripts/Units/Hex.cs using Guid(12ad8adae2f15c646b371753aabf4da5) Importer(815301076,1909f56bfc062723c751e8b465ee728b)  -> (artifact id: 'f9d83c323e77142757d97c11973dab4a') in 0.006997 seconds
  Import took 0.010622 seconds .

========================================================================
Received Import Request.
  Time since last request: 4.827089 seconds.
  path: Assets/Scenes/LayoutTest.unity
  artifactKey: Guid(9fc0d4010bbf28b4594072e72b8655ab) Importer(815301076,1909f56bfc062723c751e8b465ee728b)
Start importing Assets/Scenes/LayoutTest.unity using Guid(9fc0d4010bbf28b4594072e72b8655ab) Importer(815301076,1909f56bfc062723c751e8b465ee728b)  -> (artifact id: '7f4c6a4706ca66a82a4f4f5d2e22d498') in 0.009446 seconds
  Import took 0.012491 seconds .

========================================================================
Received Import Request.
  Time since last request: 1.473119 seconds.
  path: Assets/Scenes/PrefabBranches
  artifactKey: Guid(8768c63923ea5b245ba12e61f14bb8b6) Importer(815301076,1909f56bfc062723c751e8b465ee728b)
Start importing Assets/Scenes/PrefabBranches using Guid(8768c63923ea5b245ba12e61f14bb8b6) Importer(815301076,1909f56bfc062723c751e8b465ee728b)  -> (artifact id: 'ed15dce94014855eb16b74723c44378a') in 0.006607 seconds
  Import took 0.010051 seconds .

========================================================================
Received Import Request.
  Time since last request: 0.000318 seconds.
  path: Assets/Scenes/PrefabBranches
  artifactKey: Guid(8768c63923ea5b245ba12e61f14bb8b6) Importer(815301076,1909f56bfc062723c751e8b465ee728b)
Start importing Assets/Scenes/PrefabBranches using Guid(8768c63923ea5b245ba12e61f14bb8b6) Importer(815301076,1909f56bfc062723c751e8b465ee728b)  -> (artifact id: 'ed15dce94014855eb16b74723c44378a') in 0.006713 seconds
  Import took 0.009481 seconds .

========================================================================
Received Import Request.
  Time since last request: 0.857842 seconds.
  path: Assets/Scenes/LayoutTestSettings.lighting
  artifactKey: Guid(bd37f265d4f11ea4bba69e57b3b8b9ce) Importer(815301076,1909f56bfc062723c751e8b465ee728b)
Start importing Assets/Scenes/LayoutTestSettings.lighting using Guid(bd37f265d4f11ea4bba69e57b3b8b9ce) Importer(815301076,1909f56bfc062723c751e8b465ee728b)  -> (artifact id: 'f49fee83705ee442614e3414e8e6cff7') in 0.011074 seconds
  Import took 0.013971 seconds .

========================================================================
Received Import Request.
  Time since last request: 1.643020 seconds.
  path: Assets/Scenes/LayoutTestSettings.lighting
  artifactKey: Guid(bd37f265d4f11ea4bba69e57b3b8b9ce) Importer(815301076,1909f56bfc062723c751e8b465ee728b)
Start importing Assets/Scenes/LayoutTestSettings.lighting using Guid(bd37f265d4f11ea4bba69e57b3b8b9ce) Importer(815301076,1909f56bfc062723c751e8b465ee728b)  -> (artifact id: 'f49fee83705ee442614e3414e8e6cff7') in 0.007039 seconds
  Import took 0.010384 seconds .

========================================================================
Received Import Request.
  Time since last request: 17.662621 seconds.
  path: Assets/Scenes/PrefabBranches/_branch_ArenaManagement.unity
  artifactKey: Guid(bc114ea555265414e8764e7db5e5e97a) Importer(815301076,1909f56bfc062723c751e8b465ee728b)
Start importing Assets/Scenes/PrefabBranches/_branch_ArenaManagement.unity using Guid(bc114ea555265414e8764e7db5e5e97a) Importer(815301076,1909f56bfc062723c751e8b465ee728b)  -> (artifact id: '0593e9d88c01c250957464d2518d8c02') in 0.006167 seconds
  Import took 0.009132 seconds .

========================================================================
Received Import Request.
  Time since last request: 0.003452 seconds.
  path: Assets/Scenes/PrefabBranches/_branch_ArenaManagement.unity
  artifactKey: Guid(bc114ea555265414e8764e7db5e5e97a) Importer(815301076,1909f56bfc062723c751e8b465ee728b)
Start importing Assets/Scenes/PrefabBranches/_branch_ArenaManagement.unity using Guid(bc114ea555265414e8764e7db5e5e97a) Importer(815301076,1909f56bfc062723c751e8b465ee728b)  -> (artifact id: '0593e9d88c01c250957464d2518d8c02') in 0.006733 seconds
  Import took 0.010339 seconds .

========================================================================
Received Import Request.
  Time since last request: 0.668609 seconds.
  path: Assets/Scenes/PrefabBranches/_branch_CardManagement.unity
  artifactKey: Guid(0d7513021ec6d7a45acd1d2c5717cf65) Importer(815301076,1909f56bfc062723c751e8b465ee728b)
Start importing Assets/Scenes/PrefabBranches/_branch_CardManagement.unity using Guid(0d7513021ec6d7a45acd1d2c5717cf65) Importer(815301076,1909f56bfc062723c751e8b465ee728b)  -> (artifact id: 'b3348ccaac2e1d0e2ef9034e28887cc2') in 0.007059 seconds
  Import took 0.010246 seconds .

========================================================================
Received Import Request.
  Time since last request: 0.001182 seconds.
  path: Assets/Scenes/PrefabBranches/_branch_CardManagement.unity
  artifactKey: Guid(0d7513021ec6d7a45acd1d2c5717cf65) Importer(815301076,1909f56bfc062723c751e8b465ee728b)
Start importing Assets/Scenes/PrefabBranches/_branch_CardManagement.unity using Guid(0d7513021ec6d7a45acd1d2c5717cf65) Importer(815301076,1909f56bfc062723c751e8b465ee728b)  -> (artifact id: 'b3348ccaac2e1d0e2ef9034e28887cc2') in 0.006527 seconds
  Import took 0.009361 seconds .

========================================================================
Received Import Request.
  Time since last request: 79.984214 seconds.
  path: Assets/Prefabs/#SceneManagers.prefab
  artifactKey: Guid(0fa29adaaf086174f869fb27b714f303) Importer(815301076,1909f56bfc062723c751e8b465ee728b)
Start importing Assets/Prefabs/#SceneManagers.prefab using Guid(0fa29adaaf086174f869fb27b714f303) Importer(815301076,1909f56bfc062723c751e8b465ee728b)  -> (artifact id: '765d757a265b32225a1ec2d845dcdd52') in 0.025860 seconds
  Import took 0.029037 seconds .

========================================================================
Received Import Request.
  Time since last request: 0.000285 seconds.
  path: Assets/Prefabs/CameraControl.prefab
  artifactKey: Guid(ca44d99fba72f9d46a42045c8b769d99) Importer(815301076,1909f56bfc062723c751e8b465ee728b)
Start importing Assets/Prefabs/CameraControl.prefab using Guid(ca44d99fba72f9d46a42045c8b769d99) Importer(815301076,1909f56bfc062723c751e8b465ee728b)  -> (artifact id: 'c7e27bb913f04946a7a9fb05fabc96fa') in 0.010092 seconds
  Import took 0.012633 seconds .

========================================================================
Received Import Request.
  Time since last request: 3.082560 seconds.
  path: Assets/Prefabs/Board
  artifactKey: Guid(643569c91d736e0429297a6ae76601b7) Importer(815301076,1909f56bfc062723c751e8b465ee728b)
Start importing Assets/Prefabs/Board using Guid(643569c91d736e0429297a6ae76601b7) Importer(815301076,1909f56bfc062723c751e8b465ee728b)  -> (artifact id: '395891350bf8fa91e81b3e08815ca130') in 0.006926 seconds
  Import took 0.010496 seconds .

========================================================================
Received Import Request.
  Time since last request: 0.001303 seconds.
  path: Assets/Prefabs/Board
  artifactKey: Guid(643569c91d736e0429297a6ae76601b7) Importer(815301076,1909f56bfc062723c751e8b465ee728b)
Start importing Assets/Prefabs/Board using Guid(643569c91d736e0429297a6ae76601b7) Importer(815301076,1909f56bfc062723c751e8b465ee728b)  -> (artifact id: '395891350bf8fa91e81b3e08815ca130') in 0.006144 seconds
  Import took 0.009398 seconds .

========================================================================
Received Import Request.
  Time since last request: 0.084601 seconds.
  path: Assets/Prefabs/Board/Blue Hex.prefab
  artifactKey: Guid(b545a7d9653795243b8086fa29e25527) Importer(815301076,1909f56bfc062723c751e8b465ee728b)
Start importing Assets/Prefabs/Board/Blue Hex.prefab using Guid(b545a7d9653795243b8086fa29e25527) Importer(815301076,1909f56bfc062723c751e8b465ee728b)  -> (artifact id: '7636bfd8e4f9541b54fb15dff1200a0e') in 0.026029 seconds
  Import took 0.029327 seconds .

========================================================================
Received Import Request.
  Time since last request: 0.000260 seconds.
  path: Assets/Prefabs/Board/Red Hex.prefab
  artifactKey: Guid(365b7fbfb48af824eb994c401195804f) Importer(815301076,1909f56bfc062723c751e8b465ee728b)
Start importing Assets/Prefabs/Board/Red Hex.prefab using Guid(365b7fbfb48af824eb994c401195804f) Importer(815301076,1909f56bfc062723c751e8b465ee728b)  -> (artifact id: '5f45593068a95d78b8c329dfe6a27984') in 0.012190 seconds
  Import took 0.014822 seconds .

========================================================================
Received Import Request.
  Time since last request: 29.231327 seconds.
  path: Assets/Scripts/Player
  artifactKey: Guid(a09b7af96388d684a80e0371d2e90faf) Importer(815301076,1909f56bfc062723c751e8b465ee728b)
Start importing Assets/Scripts/Player using Guid(a09b7af96388d684a80e0371d2e90faf) Importer(815301076,1909f56bfc062723c751e8b465ee728b)  -> (artifact id: 'f11edb04227d3fff7c71b6b58ad82849') in 0.006999 seconds
  Import took 0.010980 seconds .

========================================================================
Received Import Request.
  Time since last request: 0.001726 seconds.
  path: Assets/Scripts/Player
  artifactKey: Guid(a09b7af96388d684a80e0371d2e90faf) Importer(815301076,1909f56bfc062723c751e8b465ee728b)
Start importing Assets/Scripts/Player using Guid(a09b7af96388d684a80e0371d2e90faf) Importer(815301076,1909f56bfc062723c751e8b465ee728b)  -> (artifact id: 'f11edb04227d3fff7c71b6b58ad82849') in 0.006483 seconds
  Import took 0.010706 seconds .

========================================================================
Received Prepare
Registering precompiled user dll's ...
Registered in 0.001818 seconds.
Begin MonoManager ReloadAssembly
Native extension for WindowsStandalone target not found
Refreshing native plugins compatible for Editor in 0.32 ms, found 0 plugins.
Preloading 0 native plugins for Editor in 0.00 ms.
Warning: Annotation not found!
UnityEngine.StackTraceUtility:ExtractStackTrace ()
UnityEditor.ProBuilder.EditorUtility:SetGizmoIconEnabled (System.Type,bool) (at Library/PackageCache/com.unity.probuilder@4.4.0/Editor/EditorCore/EditorUtility.cs:593)
UnityEditor.ProBuilder.HierarchyListener:.cctor () (at Library/PackageCache/com.unity.probuilder@4.4.0/Editor/EditorCore/HierarchyListener.cs:21)
System.Runtime.CompilerServices.RuntimeHelpers:RunClassConstructor (System.RuntimeTypeHandle)
UnityEditor.EditorAssemblies:ProcessInitializeOnLoadAttributes (System.Type[])

[Library/PackageCache/com.unity.probuilder@4.4.0/Editor/EditorCore/EditorUtility.cs line 593]

Invoked RoslynAnalysisRunner static constructor.
RoslynAnalysisRunner will not be running.
RoslynAnalysisRunner has terminated.
Mono: successfully reloaded assembly
- Completed reload, in  1.056 seconds
Platform modules already initialized, skipping
Refreshing native plugins compatible for Editor in 0.33 ms, found 0 plugins.
Preloading 0 native plugins for Editor in 0.00 ms.
Unloading 1423 Unused Serialized files (Serialized files now loaded: 0)
System memory in use before: 69.6 MB.
System memory in use after: 69.7 MB.

Unloading 5 unused Assets to reduce memory usage. Loaded Objects now: 1896.
Total: 3.195900 ms (FindLiveObjects: 0.402400 ms CreateObjectMapping: 0.187200 ms MarkObjects: 2.501000 ms  DeleteObjects: 0.102900 ms)

========================================================================
Received Import Request.
  Time since last request: 145.878424 seconds.
  path: Assets/Scripts/Units/Hex.cs
  artifactKey: Guid(12ad8adae2f15c646b371753aabf4da5) Importer(815301076,1909f56bfc062723c751e8b465ee728b)
Start importing Assets/Scripts/Units/Hex.cs using Guid(12ad8adae2f15c646b371753aabf4da5) Importer(815301076,1909f56bfc062723c751e8b465ee728b)  -> (artifact id: '3d2667dd3797f67ac26af374066b1aff') in 0.010718 seconds
  Import took 0.015648 seconds .

========================================================================
Received Prepare
Registering precompiled user dll's ...
Registered in 0.001476 seconds.
Begin MonoManager ReloadAssembly
Native extension for WindowsStandalone target not found
Refreshing native plugins compatible for Editor in 0.47 ms, found 0 plugins.
Preloading 0 native plugins for Editor in 0.00 ms.
Warning: Annotation not found!
UnityEngine.StackTraceUtility:ExtractStackTrace ()
UnityEditor.ProBuilder.EditorUtility:SetGizmoIconEnabled (System.Type,bool) (at Library/PackageCache/com.unity.probuilder@4.4.0/Editor/EditorCore/EditorUtility.cs:593)
UnityEditor.ProBuilder.HierarchyListener:.cctor () (at Library/PackageCache/com.unity.probuilder@4.4.0/Editor/EditorCore/HierarchyListener.cs:21)
System.Runtime.CompilerServices.RuntimeHelpers:RunClassConstructor (System.RuntimeTypeHandle)
UnityEditor.EditorAssemblies:ProcessInitializeOnLoadAttributes (System.Type[])

[Library/PackageCache/com.unity.probuilder@4.4.0/Editor/EditorCore/EditorUtility.cs line 593]

Invoked RoslynAnalysisRunner static constructor.
RoslynAnalysisRunner will not be running.
RoslynAnalysisRunner has terminated.
Mono: successfully reloaded assembly
- Completed reload, in  1.055 seconds
Platform modules already initialized, skipping
Refreshing native plugins compatible for Editor in 0.44 ms, found 0 plugins.
Preloading 0 native plugins for Editor in 0.00 ms.
Unloading 1423 Unused Serialized files (Serialized files now loaded: 0)
System memory in use before: 69.8 MB.
System memory in use after: 69.9 MB.

Unloading 5 unused Assets to reduce memory usage. Loaded Objects now: 1898.
Total: 3.441300 ms (FindLiveObjects: 0.367300 ms CreateObjectMapping: 0.178600 ms MarkObjects: 2.801200 ms  DeleteObjects: 0.092000 ms)

========================================================================
Received Import Request.
  Time since last request: 270.779321 seconds.
  path: Assets/Scripts/Units/Hex.cs
  artifactKey: Guid(12ad8adae2f15c646b371753aabf4da5) Importer(815301076,1909f56bfc062723c751e8b465ee728b)
Start importing Assets/Scripts/Units/Hex.cs using Guid(12ad8adae2f15c646b371753aabf4da5) Importer(815301076,1909f56bfc062723c751e8b465ee728b)  -> (artifact id: '38a2b4aae3bae731bc7e65852e5a55cc') in 0.008880 seconds
  Import took 0.012091 seconds .

AssetImportWorkerClient::OnTransportError - code=2 error=End of file
