Using pre-set license
Built from '2020.2/release' branch; Version is '2020.2.2f1 (068178b99f32) revision 426360'; Using compiler version '192528614'; Build Type 'Release'
OS: 'Windows 10 Home; OS build 19041.928; Version 2004; 64bit' Language: 'en' Physical Memory: 65466 MB
BatchMode: 1, IsHumanControllingUs: 0, StartBugReporterOnCrash: 0, Is64bit: 1, IsPro: 0

 COMMAND LINE ARGUMENTS:
C:\Users\ryana\Documents\Unity Games\2020.2.2f1\Editor\Unity.exe
-adb2
-batchMode
-noUpm
-name
AssetImportWorker0
-projectPath
C:/Users/ryana/Documents/GitHub/GameDs_As2_TurnBasedTactics_Unity
-logFile
Logs/AssetImportWorker0.log
-srvPort
50165
Successfully changed project path to: C:/Users/ryana/Documents/GitHub/GameDs_As2_TurnBasedTactics_Unity
C:/Users/ryana/Documents/GitHub/GameDs_As2_TurnBasedTactics_Unity
Using Asset Import Pipeline V2.
Refreshing native plugins compatible for Editor in 24.10 ms, found 0 plugins.
Preloading 0 native plugins for Editor in 0.00 ms.
Initialize engine version: 2020.2.2f1 (068178b99f32)
[Subsystems] Discovering subsystems at path C:/Users/ryana/Documents/Unity Games/2020.2.2f1/Editor/Data/Resources/UnitySubsystems
[Subsystems] Discovering subsystems at path C:/Users/ryana/Documents/GitHub/GameDs_As2_TurnBasedTactics_Unity/Assets
GfxDevice: creating device client; threaded=0
Direct3D:
    Version:  Direct3D 11.0 [level 11.1]
    Renderer: NVIDIA GeForce GTX 1080 (ID=0x1b80)
    Vendor:   
    VRAM:     8079 MB
    Driver:   27.21.14.6192
Initialize mono
Mono path[0] = 'C:/Users/ryana/Documents/Unity Games/2020.2.2f1/Editor/Data/Managed'
Mono path[1] = 'C:/Users/ryana/Documents/Unity Games/2020.2.2f1/Editor/Data/MonoBleedingEdge/lib/mono/unityjit'
Mono config path = 'C:/Users/ryana/Documents/Unity Games/2020.2.2f1/Editor/Data/MonoBleedingEdge/etc'
Using monoOptions --debugger-agent=transport=dt_socket,embedding=1,server=y,suspend=n,address=127.0.0.1:56156
Begin MonoManager ReloadAssembly
Registering precompiled unity dll's ...
Register platform support module: C:/Users/ryana/Documents/Unity Games/2020.2.2f1/Editor/Data/PlaybackEngines/WebGLSupport/UnityEditor.WebGL.Extensions.dll
Register platform support module: C:/Users/ryana/Documents/Unity Games/2020.2.2f1/Editor/Data/PlaybackEngines/WindowsStandaloneSupport/UnityEditor.WindowsStandalone.Extensions.dll
Register platform support module: C:/Users/ryana/Documents/Unity Games/2020.2.2f1/Editor/Data/PlaybackEngines/LuminSupport/UnityEditor.Lumin.Extensions.dll
Registered in 0.002744 seconds.
Native extension for Lumin target not found
Native extension for WindowsStandalone target not found
Native extension for WebGL target not found
Refreshing native plugins compatible for Editor in 23.27 ms, found 0 plugins.
Preloading 0 native plugins for Editor in 0.00 ms.
Invoked RoslynAnalysisRunner static constructor.
RoslynAnalysisRunner will not be running.
RoslynAnalysisRunner has terminated.
Mono: successfully reloaded assembly
- Completed reload, in  1.527 seconds
Platform modules already initialized, skipping
Registering precompiled user dll's ...
Registered in 0.000720 seconds.
Begin MonoManager ReloadAssembly
Native extension for Lumin target not found
Native extension for WindowsStandalone target not found
Native extension for WebGL target not found
Refreshing native plugins compatible for Editor in 0.23 ms, found 0 plugins.
Preloading 0 native plugins for Editor in 0.00 ms.
Invoked RoslynAnalysisRunner static constructor.
RoslynAnalysisRunner will not be running.
RoslynAnalysisRunner has terminated.
Mono: successfully reloaded assembly
- Completed reload, in  0.770 seconds
Platform modules already initialized, skipping
========================================================================
Worker process is ready to serve import requests
Launched and connected shader compiler UnityShaderCompiler.exe after 0.04 seconds
Refreshing native plugins compatible for Editor in 0.25 ms, found 0 plugins.
Preloading 0 native plugins for Editor in 0.00 ms.
Unloading 1457 Unused Serialized files (Serialized files now loaded: 0)
System memory in use before: 71.6 MB.
System memory in use after: 71.6 MB.

Unloading 67 unused Assets to reduce memory usage. Loaded Objects now: 1894.
Total: 1.952100 ms (FindLiveObjects: 0.164600 ms CreateObjectMapping: 0.056100 ms MarkObjects: 1.585700 ms  DeleteObjects: 0.145000 ms)

========================================================================
Received Import Request.
  path: Assets/Scripts/Units/Hex.cs
  artifactKey: Guid(12ad8adae2f15c646b371753aabf4da5) Importer(815301076,1909f56bfc062723c751e8b465ee728b)
Start importing Assets/Scripts/Units/Hex.cs using Guid(12ad8adae2f15c646b371753aabf4da5) Importer(815301076,1909f56bfc062723c751e8b465ee728b)  -> (artifact id: '4cabdcfd1d30431673c51ec71f893295') in 0.044993 seconds
  Import took 0.048220 seconds .

========================================================================
Received Prepare
Refreshing native plugins compatible for Editor in 0.74 ms, found 0 plugins.
Preloading 0 native plugins for Editor in 0.00 ms.
Unloading 3 Unused Serialized files (Serialized files now loaded: 0)
System memory in use before: 41.5 MB.
System memory in use after: 41.6 MB.

Unloading 3 unused Assets to reduce memory usage. Loaded Objects now: 1894.
Total: 2.279000 ms (FindLiveObjects: 0.161700 ms CreateObjectMapping: 0.045200 ms MarkObjects: 2.018000 ms  DeleteObjects: 0.052700 ms)

========================================================================
Received Import Request.
  Time since last request: 48.057006 seconds.
  path: Assets/Scripts/Units/BoardUnit.cs
  artifactKey: Guid(d812f444408202a4b80ed0dbcd082bf1) Importer(815301076,1909f56bfc062723c751e8b465ee728b)
Start importing Assets/Scripts/Units/BoardUnit.cs using Guid(d812f444408202a4b80ed0dbcd082bf1) Importer(815301076,1909f56bfc062723c751e8b465ee728b)  -> (artifact id: 'ffd1c78bbf5d2d2fc646bdca6888505e') in 0.004812 seconds
  Import took 0.006865 seconds .

========================================================================
Received Import Request.
  Time since last request: 210.175431 seconds.
  path: Assets/Scripts/Units/BoardUnit.cs
  artifactKey: Guid(d812f444408202a4b80ed0dbcd082bf1) Importer(815301076,1909f56bfc062723c751e8b465ee728b)
Start importing Assets/Scripts/Units/BoardUnit.cs using Guid(d812f444408202a4b80ed0dbcd082bf1) Importer(815301076,1909f56bfc062723c751e8b465ee728b)  -> (artifact id: '13064d38f7e98215c8d8273326e3c7ab') in 0.002010 seconds
  Import took 0.006089 seconds .

========================================================================
Received Import Request.
  Time since last request: 3.849636 seconds.
  path: Assets/Scripts/Units/BoardUnit.cs
  artifactKey: Guid(d812f444408202a4b80ed0dbcd082bf1) Importer(815301076,1909f56bfc062723c751e8b465ee728b)
Start importing Assets/Scripts/Units/BoardUnit.cs using Guid(d812f444408202a4b80ed0dbcd082bf1) Importer(815301076,1909f56bfc062723c751e8b465ee728b)  -> (artifact id: '13fb7973f1bb123d1a71cac3915dba0f') in 0.001976 seconds
  Import took 0.004114 seconds .

========================================================================
Received Import Request.
  Time since last request: 8.054457 seconds.
  path: Assets/Scripts/Units/BoardUnit.cs
  artifactKey: Guid(d812f444408202a4b80ed0dbcd082bf1) Importer(815301076,1909f56bfc062723c751e8b465ee728b)
Start importing Assets/Scripts/Units/BoardUnit.cs using Guid(d812f444408202a4b80ed0dbcd082bf1) Importer(815301076,1909f56bfc062723c751e8b465ee728b)  -> (artifact id: '32dff8953e1b7f4efd1ed47501ad6f3c') in 0.001602 seconds
  Import took 0.003535 seconds .

========================================================================
Received Prepare
Registering precompiled user dll's ...
Registered in 0.000762 seconds.
Begin MonoManager ReloadAssembly
Native extension for Lumin target not found
Native extension for WindowsStandalone target not found
Native extension for WebGL target not found
Refreshing native plugins compatible for Editor in 0.25 ms, found 0 plugins.
Preloading 0 native plugins for Editor in 0.00 ms.
Warning: Annotation not found!
UnityEngine.StackTraceUtility:ExtractStackTrace ()
UnityEditor.ProBuilder.EditorUtility:SetGizmoIconEnabled (System.Type,bool) (at Library/PackageCache/com.unity.probuilder@4.4.0/Editor/EditorCore/EditorUtility.cs:593)
UnityEditor.ProBuilder.HierarchyListener:.cctor () (at Library/PackageCache/com.unity.probuilder@4.4.0/Editor/EditorCore/HierarchyListener.cs:21)
System.Runtime.CompilerServices.RuntimeHelpers:RunClassConstructor (System.RuntimeTypeHandle)
UnityEditor.EditorAssemblies:ProcessInitializeOnLoadAttributes (System.Type[])

[Library/PackageCache/com.unity.probuilder@4.4.0/Editor/EditorCore/EditorUtility.cs line 593]

Invoked RoslynAnalysisRunner static constructor.
RoslynAnalysisRunner will not be running.
RoslynAnalysisRunner has terminated.
Mono: successfully reloaded assembly
- Completed reload, in  0.685 seconds
Platform modules already initialized, skipping
Refreshing native plugins compatible for Editor in 0.23 ms, found 0 plugins.
Preloading 0 native plugins for Editor in 0.00 ms.
Unloading 1423 Unused Serialized files (Serialized files now loaded: 0)
System memory in use before: 70.2 MB.
System memory in use after: 70.2 MB.

Unloading 5 unused Assets to reduce memory usage. Loaded Objects now: 1896.
Total: 1.714100 ms (FindLiveObjects: 0.173500 ms CreateObjectMapping: 0.049000 ms MarkObjects: 1.435800 ms  DeleteObjects: 0.054700 ms)

========================================================================
Received Prepare
Registering precompiled user dll's ...
Registered in 0.000584 seconds.
Begin MonoManager ReloadAssembly
Native extension for Lumin target not found
Native extension for WindowsStandalone target not found
Native extension for WebGL target not found
Refreshing native plugins compatible for Editor in 0.23 ms, found 0 plugins.
Preloading 0 native plugins for Editor in 0.00 ms.
Warning: Annotation not found!
UnityEngine.StackTraceUtility:ExtractStackTrace ()
UnityEditor.ProBuilder.EditorUtility:SetGizmoIconEnabled (System.Type,bool) (at Library/PackageCache/com.unity.probuilder@4.4.0/Editor/EditorCore/EditorUtility.cs:593)
UnityEditor.ProBuilder.HierarchyListener:.cctor () (at Library/PackageCache/com.unity.probuilder@4.4.0/Editor/EditorCore/HierarchyListener.cs:21)
System.Runtime.CompilerServices.RuntimeHelpers:RunClassConstructor (System.RuntimeTypeHandle)
UnityEditor.EditorAssemblies:ProcessInitializeOnLoadAttributes (System.Type[])

[Library/PackageCache/com.unity.probuilder@4.4.0/Editor/EditorCore/EditorUtility.cs line 593]

Invoked RoslynAnalysisRunner static constructor.
RoslynAnalysisRunner will not be running.
RoslynAnalysisRunner has terminated.
Mono: successfully reloaded assembly
- Completed reload, in  0.677 seconds
Platform modules already initialized, skipping
Refreshing native plugins compatible for Editor in 0.25 ms, found 0 plugins.
Preloading 0 native plugins for Editor in 0.00 ms.
Unloading 1423 Unused Serialized files (Serialized files now loaded: 0)
System memory in use before: 70.3 MB.
System memory in use after: 70.3 MB.

Unloading 5 unused Assets to reduce memory usage. Loaded Objects now: 1898.
Total: 1.781800 ms (FindLiveObjects: 0.156400 ms CreateObjectMapping: 0.044900 ms MarkObjects: 1.520300 ms  DeleteObjects: 0.059400 ms)

========================================================================
Received Import Request.
  Time since last request: 1348.020407 seconds.
  path: Assets/Scripts/Units/UnitManager.cs
  artifactKey: Guid(1518a5ff227fb9c4898608b27201d70b) Importer(815301076,1909f56bfc062723c751e8b465ee728b)
Start importing Assets/Scripts/Units/UnitManager.cs using Guid(1518a5ff227fb9c4898608b27201d70b) Importer(815301076,1909f56bfc062723c751e8b465ee728b)  -> (artifact id: '63b9ec594b06e539fec2f67c45025c17') in 0.006286 seconds
  Import took 0.008401 seconds .

AssetImportWorkerClient::OnTransportError - code=2 error=End of file
